2026-03-12T20:29:51+0300 INFO: Запуск процесса из студии разработки. C:\Program Files\PuzzleRPA\2.3.0\Studio\resources\_tmp\projects\PR3_Tokareva_var34\process\Процесс 1.json
2026-03-12T20:29:54+0300 INFO: Старт робота: C:\Program Files\PuzzleRPA\2.3.0\Studio\resources\_tmp\projects\PR3_Tokareva_var34\resource\8887882e-14bd-4d1d-a14b-1e53f332c7fe\robo_921.py
2026-03-12T20:30:03+0300 INFO: Завершение работы робота: C:\Program Files\PuzzleRPA\2.3.0\Studio\resources\_tmp\projects\PR3_Tokareva_var34\resource\8887882e-14bd-4d1d-a14b-1e53f332c7fe\robo_921.py
2026-03-12T20:30:03+0300 INFO: Завершение выполнения процесса. C:\Program Files\PuzzleRPA\2.3.0\Studio\resources\_tmp\projects\PR3_Tokareva_var34\process\Процесс 1.json
2026-03-12T20:31:16+0300 INFO: Запуск процесса из студии разработки. C:\Program Files\PuzzleRPA\2.3.0\Studio\resources\_tmp\projects\PR3_Tokareva_var34\process\Процесс 1.json
2026-03-12T20:31:16+0300 INFO: Старт робота: C:\Program Files\PuzzleRPA\2.3.0\Studio\resources\_tmp\projects\PR3_Tokareva_var34\resource\5ea3a9e6-eb81-406f-9e1b-4bb4d59e922e\robo_921.py
2026-03-12T20:31:24+0300 INFO: Завершение работы робота: C:\Program Files\PuzzleRPA\2.3.0\Studio\resources\_tmp\projects\PR3_Tokareva_var34\resource\5ea3a9e6-eb81-406f-9e1b-4bb4d59e922e\robo_921.py
2026-03-12T20:31:24+0300 INFO: Завершение выполнения процесса. C:\Program Files\PuzzleRPA\2.3.0\Studio\resources\_tmp\projects\PR3_Tokareva_var34\process\Процесс 1.json
2026-03-12T20:32:38+0300 INFO: Запуск процесса из студии разработки. C:\Program Files\PuzzleRPA\2.3.0\Studio\resources\_tmp\projects\PR3_Tokareva_var34\process\Процесс 1.json
2026-03-12T20:32:38+0300 INFO: Старт робота: C:\Program Files\PuzzleRPA\2.3.0\Studio\resources\_tmp\projects\PR3_Tokareva_var34\resource\1527dfec-1f8a-467f-9218-e923d6436016\robo_921.py
2026-03-12T20:32:44+0300 INFO: Завершение работы робота: C:\Program Files\PuzzleRPA\2.3.0\Studio\resources\_tmp\projects\PR3_Tokareva_var34\resource\1527dfec-1f8a-467f-9218-e923d6436016\robo_921.py
2026-03-12T20:32:44+0300 INFO: Завершение выполнения процесса. C:\Program Files\PuzzleRPA\2.3.0\Studio\resources\_tmp\projects\PR3_Tokareva_var34\process\Процесс 1.json
2026-03-12T20:33:16+0300 INFO: Запуск процесса из студии разработки. C:\Program Files\PuzzleRPA\2.3.0\Studio\resources\_tmp\projects\PR3_Tokareva_var34\process\Процесс 1.json
2026-03-12T20:33:16+0300 INFO: Старт робота: C:\Program Files\PuzzleRPA\2.3.0\Studio\resources\_tmp\projects\PR3_Tokareva_var34\resource\95ae856b-7d47-4cfc-91d3-89458954d34d\robo_921.py
2026-03-12T20:33:18+0300 INFO: Завершение работы робота: C:\Program Files\PuzzleRPA\2.3.0\Studio\resources\_tmp\projects\PR3_Tokareva_var34\resource\95ae856b-7d47-4cfc-91d3-89458954d34d\robo_921.py
2026-03-12T20:33:19+0300 INFO: Завершение выполнения процесса. C:\Program Files\PuzzleRPA\2.3.0\Studio\resources\_tmp\projects\PR3_Tokareva_var34\process\Процесс 1.json
2026-03-12T20:37:42+0300 INFO: Запуск процесса из студии разработки. C:\Program Files\PuzzleRPA\2.3.0\Studio\resources\_tmp\projects\PR3_Tokareva_var34\process\Процесс 1.json
2026-03-12T20:37:43+0300 INFO: Старт робота: C:\Program Files\PuzzleRPA\2.3.0\Studio\resources\_tmp\projects\PR3_Tokareva_var34\resource\92dcc2a2-399d-4d5d-9999-4a0747f560f1\robo_921.py
2026-03-12T20:38:10+0300 INFO: Завершение работы робота: C:\Program Files\PuzzleRPA\2.3.0\Studio\resources\_tmp\projects\PR3_Tokareva_var34\resource\92dcc2a2-399d-4d5d-9999-4a0747f560f1\robo_921.py
2026-03-12T20:38:11+0300 INFO: Завершение выполнения процесса. C:\Program Files\PuzzleRPA\2.3.0\Studio\resources\_tmp\projects\PR3_Tokareva_var34\process\Процесс 1.json
2026-03-12T20:52:31+0300 INFO: Запуск процесса из студии разработки. C:\Program Files\PuzzleRPA\2.3.0\Studio\resources\_tmp\projects\PR3_Tokareva_var34\process\Процесс 1.json
2026-03-12T20:52:32+0300 INFO: Старт робота: C:\Program Files\PuzzleRPA\2.3.0\Studio\resources\_tmp\projects\PR3_Tokareva_var34\resource\4f73414e-7eb9-465d-9b08-cdc8f20334a1\robo_921.py
2026-03-12T20:52:39+0300 INFO: Завершение работы робота: C:\Program Files\PuzzleRPA\2.3.0\Studio\resources\_tmp\projects\PR3_Tokareva_var34\resource\4f73414e-7eb9-465d-9b08-cdc8f20334a1\robo_921.py
2026-03-12T20:52:39+0300 INFO: Завершение выполнения процесса. C:\Program Files\PuzzleRPA\2.3.0\Studio\resources\_tmp\projects\PR3_Tokareva_var34\process\Процесс 1.json
2026-03-12T21:59:41+0300 INFO: Запуск процесса из студии разработки. C:\Program Files\PuzzleRPA\2.3.0\Studio\resources\_tmp\projects\PR3_Tokareva_var34\process\Процесс 1.json
2026-03-12T21:59:42+0300 INFO: Старт робота: C:\Program Files\PuzzleRPA\2.3.0\Studio\resources\_tmp\projects\PR3_Tokareva_var34\resource\0426eb61-58be-4135-adc2-db60c0fcd4e0\robo_921.py
2026-03-12T21:59:45+0300 INFO: Завершение работы робота: C:\Program Files\PuzzleRPA\2.3.0\Studio\resources\_tmp\projects\PR3_Tokareva_var34\resource\0426eb61-58be-4135-adc2-db60c0fcd4e0\robo_921.py
2026-03-12T21:59:45+0300 INFO: Завершение выполнения процесса. C:\Program Files\PuzzleRPA\2.3.0\Studio\resources\_tmp\projects\PR3_Tokareva_var34\process\Процесс 1.json
2026-03-12T22:10:40+0300 INFO: Запуск процесса из студии разработки. C:\Program Files\PuzzleRPA\2.3.0\Studio\resources\_tmp\projects\PR3_Tokareva_var34\process\Процесс 1.json
2026-03-12T22:10:40+0300 INFO: Старт робота: C:\Program Files\PuzzleRPA\2.3.0\Studio\resources\_tmp\projects\PR3_Tokareva_var34\resource\afcd91d6-b10f-43a7-bf2f-11067ba4af0d\robo_921.py
2026-03-12T22:10:40+0300 ERROR: C:\Program Files\PuzzleRPA\2.3.0\Studio\resources\_tmp\projects\PR3_Tokareva_var34\resource\afcd91d6-b10f-43a7-bf2f-11067ba4af0d\robo_921.py Ошибка: unhashable type: 'list'
2026-03-12T22:10:40+0300 Окно выполнения: Процесс 1: ERROR:  ["unhashable type: 'list'"]
2026-03-12T22:10:45+0300 ERROR: Завершение выполнения процесса. C:\Program Files\PuzzleRPA\2.3.0\Studio\resources\_tmp\projects\PR3_Tokareva_var34\process\Процесс 1.json
2026-03-12T22:10:50+0300 INFO: Запуск процесса из студии разработки. C:\Program Files\PuzzleRPA\2.3.0\Studio\resources\_tmp\projects\PR3_Tokareva_var34\process\Процесс 1.json
2026-03-12T22:10:51+0300 INFO: Старт робота: C:\Program Files\PuzzleRPA\2.3.0\Studio\resources\_tmp\projects\PR3_Tokareva_var34\resource\de9be3d9-7e1d-4c25-9d23-d7d5f03e8bef\robo_921.py
2026-03-12T22:10:51+0300 ERROR: C:\Program Files\PuzzleRPA\2.3.0\Studio\resources\_tmp\projects\PR3_Tokareva_var34\resource\de9be3d9-7e1d-4c25-9d23-d7d5f03e8bef\robo_921.py Ошибка: unhashable type: 'list'
2026-03-12T22:10:51+0300 Окно выполнения: Процесс 1: ERROR:  ["unhashable type: 'list'"]
2026-03-12T22:11:12+0300 ERROR: Завершение выполнения процесса. C:\Program Files\PuzzleRPA\2.3.0\Studio\resources\_tmp\projects\PR3_Tokareva_var34\process\Процесс 1.json
2026-03-12T22:11:48+0300 INFO: Запуск процесса из студии разработки. C:\Program Files\PuzzleRPA\2.3.0\Studio\resources\_tmp\projects\PR3_Tokareva_var34\process\Процесс 1.json
2026-03-12T22:11:49+0300 INFO: Старт робота: C:\Program Files\PuzzleRPA\2.3.0\Studio\resources\_tmp\projects\PR3_Tokareva_var34\resource\e7bc988b-eed4-4a22-82ca-fb2e90e6ee06\robo_921.py
2026-03-12T22:11:49+0300 ERROR: C:\Program Files\PuzzleRPA\2.3.0\Studio\resources\_tmp\projects\PR3_Tokareva_var34\resource\e7bc988b-eed4-4a22-82ca-fb2e90e6ee06\robo_921.py Ошибка: unhashable type: 'list'
2026-03-12T22:11:49+0300 Окно выполнения: Процесс 1: ERROR:  ["unhashable type: 'list'"]
2026-03-12T22:11:51+0300 ERROR: Завершение выполнения процесса. C:\Program Files\PuzzleRPA\2.3.0\Studio\resources\_tmp\projects\PR3_Tokareva_var34\process\Процесс 1.json
2026-03-12T22:12:22+0300 INFO: Запуск процесса из студии разработки. C:\Program Files\PuzzleRPA\2.3.0\Studio\resources\_tmp\projects\PR3_Tokareva_var34\process\Процесс 1.json
2026-03-12T22:12:22+0300 INFO: Старт робота: C:\Program Files\PuzzleRPA\2.3.0\Studio\resources\_tmp\projects\PR3_Tokareva_var34\resource\05922783-e5cf-42db-bd7d-170ef8cb7569\robo_921.py
2026-03-12T22:12:22+0300 ERROR: C:\Program Files\PuzzleRPA\2.3.0\Studio\resources\_tmp\projects\PR3_Tokareva_var34\resource\05922783-e5cf-42db-bd7d-170ef8cb7569\robo_921.py Ошибка: unhashable type: 'list'
2026-03-12T22:12:22+0300 Окно выполнения: Процесс 1: ERROR:  ["unhashable type: 'list'"]
2026-03-12T22:12:29+0300 ERROR: Завершение выполнения процесса. C:\Program Files\PuzzleRPA\2.3.0\Studio\resources\_tmp\projects\PR3_Tokareva_var34\process\Процесс 1.json
2026-03-12T22:13:45+0300 INFO: Запуск процесса из студии разработки. C:\Program Files\PuzzleRPA\2.3.0\Studio\resources\_tmp\projects\PR3_Tokareva_var34\process\Процесс 1.json
2026-03-12T22:13:46+0300 INFO: Старт робота: C:\Program Files\PuzzleRPA\2.3.0\Studio\resources\_tmp\projects\PR3_Tokareva_var34\resource\bdd2cc8c-617b-4e16-a274-220ff0fa16a7\robo_921.py
2026-03-12T22:14:09+0300 ERROR: C:\Program Files\PuzzleRPA\2.3.0\Studio\resources\_tmp\projects\PR3_Tokareva_var34\resource\bdd2cc8c-617b-4e16-a274-220ff0fa16a7\robo_921.py Ошибка: name 'my_dict' is not defined
2026-03-12T22:14:09+0300 Окно выполнения: Процесс 1: ERROR:  ["name 'my_dict' is not defined"]
2026-03-12T22:14:14+0300 ERROR: Завершение выполнения процесса. C:\Program Files\PuzzleRPA\2.3.0\Studio\resources\_tmp\projects\PR3_Tokareva_var34\process\Процесс 1.json
2026-03-12T22:31:36+0300 INFO: Запуск процесса из студии разработки. C:\Program Files\PuzzleRPA\2.3.0\Studio\resources\_tmp\projects\PR3_Tokareva_var34\process\Процесс 1.json
2026-03-12T22:31:37+0300 INFO: Старт робота: C:\Program Files\PuzzleRPA\2.3.0\Studio\resources\_tmp\projects\PR3_Tokareva_var34\resource\cb8a93a6-d616-4735-b393-e4f6078f6cd3\robo_921.py
2026-03-12T22:31:37+0300 ERROR: C:\Program Files\PuzzleRPA\2.3.0\Studio\resources\_tmp\projects\PR3_Tokareva_var34\resource\cb8a93a6-d616-4735-b393-e4f6078f6cd3\robo_921.py Ошибка: unhashable type: 'dict'
2026-03-12T22:31:37+0300 Окно выполнения: Процесс 1: ERROR:  ["unhashable type: 'dict'"]
2026-03-12T22:31:39+0300 ERROR: Завершение выполнения процесса. C:\Program Files\PuzzleRPA\2.3.0\Studio\resources\_tmp\projects\PR3_Tokareva_var34\process\Процесс 1.json
2026-03-12T22:31:50+0300 INFO: Запуск процесса из студии разработки. C:\Program Files\PuzzleRPA\2.3.0\Studio\resources\_tmp\projects\PR3_Tokareva_var34\process\Процесс 1.json
2026-03-12T22:31:50+0300 INFO: Старт робота: C:\Program Files\PuzzleRPA\2.3.0\Studio\resources\_tmp\projects\PR3_Tokareva_var34\resource\2f588d12-bbba-4281-8ee0-522832550fd4\robo_921.py
2026-03-12T22:31:50+0300 ERROR: C:\Program Files\PuzzleRPA\2.3.0\Studio\resources\_tmp\projects\PR3_Tokareva_var34\resource\2f588d12-bbba-4281-8ee0-522832550fd4\robo_921.py Ошибка: unhashable type: 'list'
2026-03-12T22:31:50+0300 Окно выполнения: Процесс 1: ERROR:  ["unhashable type: 'list'"]
2026-03-12T22:31:52+0300 ERROR: Завершение выполнения процесса. C:\Program Files\PuzzleRPA\2.3.0\Studio\resources\_tmp\projects\PR3_Tokareva_var34\process\Процесс 1.json
2026-03-12T22:35:36+0300 INFO: Запуск процесса из студии разработки. C:\Program Files\PuzzleRPA\2.3.0\Studio\resources\_tmp\projects\PR3_Tokareva_var34\process\Процесс 1.json
2026-03-12T22:35:37+0300 INFO: Старт робота: C:\Program Files\PuzzleRPA\2.3.0\Studio\resources\_tmp\projects\PR3_Tokareva_var34\resource\1a252693-3dda-4157-a425-9fa0f0c4e63b\robo_921.py
2026-03-12T22:35:44+0300 ERROR: C:\Program Files\PuzzleRPA\2.3.0\Studio\resources\_tmp\projects\PR3_Tokareva_var34\resource\1a252693-3dda-4157-a425-9fa0f0c4e63b\robo_921.py Ошибка: name 'my_dict' is not defined
2026-03-12T22:35:44+0300 Окно выполнения: Процесс 1: ERROR:  ["name 'my_dict' is not defined"]
2026-03-12T22:35:53+0300 ERROR: Завершение выполнения процесса. C:\Program Files\PuzzleRPA\2.3.0\Studio\resources\_tmp\projects\PR3_Tokareva_var34\process\Процесс 1.json
2026-03-12T22:37:18+0300 INFO: Запуск процесса из студии разработки. C:\Program Files\PuzzleRPA\2.3.0\Studio\resources\_tmp\projects\PR3_Tokareva_var34\process\Процесс 1.json
2026-03-12T22:37:18+0300 INFO: Старт робота: C:\Program Files\PuzzleRPA\2.3.0\Studio\resources\_tmp\projects\PR3_Tokareva_var34\resource\aefec1f7-a814-4612-b335-6713cb9bb1f6\robo_921.py
2026-03-12T22:37:37+0300 INFO: Завершение работы робота: C:\Program Files\PuzzleRPA\2.3.0\Studio\resources\_tmp\projects\PR3_Tokareva_var34\resource\aefec1f7-a814-4612-b335-6713cb9bb1f6\robo_921.py
2026-03-12T22:37:38+0300 INFO: Завершение выполнения процесса. C:\Program Files\PuzzleRPA\2.3.0\Studio\resources\_tmp\projects\PR3_Tokareva_var34\process\Процесс 1.json
2026-03-12T23:16:34+0300 INFO: Запуск процесса из студии разработки. C:\Program Files\PuzzleRPA\2.3.0\Studio\resources\_tmp\projects\PR3_Tokareva_var34\process\Процесс 1.json
2026-03-12T23:16:35+0300 INFO: Старт робота: C:\Program Files\PuzzleRPA\2.3.0\Studio\resources\_tmp\projects\PR3_Tokareva_var34\resource\c2a8727c-2672-41ad-b3bf-6c2f86515d66\robo_921.py
2026-03-12T23:16:35+0300 ERROR: C:\Program Files\PuzzleRPA\2.3.0\Studio\resources\_tmp\projects\PR3_Tokareva_var34\resource\c2a8727c-2672-41ad-b3bf-6c2f86515d66\robo_921.py Ошибка: unsupported operand type(s) for +: 'int' and 'str'
2026-03-12T23:16:35+0300 Окно выполнения: Процесс 1: ERROR:  ["unsupported operand type(s) for +: 'int' and 'str'"]
2026-03-12T23:16:37+0300 ERROR: Завершение выполнения процесса. C:\Program Files\PuzzleRPA\2.3.0\Studio\resources\_tmp\projects\PR3_Tokareva_var34\process\Процесс 1.json
2026-03-12T23:17:04+0300 INFO: Запуск процесса из студии разработки. C:\Program Files\PuzzleRPA\2.3.0\Studio\resources\_tmp\projects\PR3_Tokareva_var34\process\Процесс 1.json
2026-03-12T23:17:05+0300 INFO: Старт робота: C:\Program Files\PuzzleRPA\2.3.0\Studio\resources\_tmp\projects\PR3_Tokareva_var34\resource\fb1c94dc-74cd-4c4f-8db8-a646dc56fb36\robo_921.py
2026-03-12T23:17:05+0300 ERROR: C:\Program Files\PuzzleRPA\2.3.0\Studio\resources\_tmp\projects\PR3_Tokareva_var34\resource\fb1c94dc-74cd-4c4f-8db8-a646dc56fb36\robo_921.py Ошибка: unsupported operand type(s) for +: 'int' and 'str'
2026-03-12T23:17:05+0300 Окно выполнения: Процесс 1: ERROR:  ["unsupported operand type(s) for +: 'int' and 'str'"]
2026-03-12T23:17:20+0300 ERROR: Завершение выполнения процесса. C:\Program Files\PuzzleRPA\2.3.0\Studio\resources\_tmp\projects\PR3_Tokareva_var34\process\Процесс 1.json
2026-03-12T23:18:05+0300 INFO: Запуск процесса из студии разработки. C:\Program Files\PuzzleRPA\2.3.0\Studio\resources\_tmp\projects\PR3_Tokareva_var34\process\Процесс 1.json
2026-03-12T23:18:06+0300 INFO: Старт робота: C:\Program Files\PuzzleRPA\2.3.0\Studio\resources\_tmp\projects\PR3_Tokareva_var34\resource\59d193ea-0157-4cf9-8b66-277dc4dfbe24\robo_921.py
2026-03-12T23:18:33+0300 INFO: Завершение работы робота: C:\Program Files\PuzzleRPA\2.3.0\Studio\resources\_tmp\projects\PR3_Tokareva_var34\resource\59d193ea-0157-4cf9-8b66-277dc4dfbe24\robo_921.py
2026-03-12T23:18:34+0300 INFO: Завершение выполнения процесса. C:\Program Files\PuzzleRPA\2.3.0\Studio\resources\_tmp\projects\PR3_Tokareva_var34\process\Процесс 1.json
2026-03-13T00:14:17+0300 INFO: Запуск процесса из студии разработки. C:\Program Files\PuzzleRPA\2.3.0\Studio\resources\_tmp\projects\PR3_Tokareva_var34\process\Процесс 1.json
2026-03-13T00:14:18+0300 Окно выполнения: Процесс 1: ERROR:  ["'str' object has no attribute 'values'"]
2026-03-13T00:14:26+0300 ERROR: Завершение выполнения процесса. C:\Program Files\PuzzleRPA\2.3.0\Studio\resources\_tmp\projects\PR3_Tokareva_var34\process\Процесс 1.json
2026-03-13T00:19:32+0300 INFO: Запуск процесса из студии разработки. C:\Program Files\PuzzleRPA\2.3.0\Studio\resources\_tmp\projects\PR3_Tokareva_var34\process\Процесс 1.json
2026-03-13T00:19:33+0300 Окно выполнения: Процесс 1: ERROR:  ["argument of type 'int' is not iterable"]
2026-03-13T00:19:39+0300 ERROR: Завершение выполнения процесса. C:\Program Files\PuzzleRPA\2.3.0\Studio\resources\_tmp\projects\PR3_Tokareva_var34\process\Процесс 1.json
2026-03-13T00:21:42+0300 INFO: Запуск процесса из студии разработки. C:\Program Files\PuzzleRPA\2.3.0\Studio\resources\_tmp\projects\PR3_Tokareva_var34\process\Процесс 1.json
2026-03-13T00:21:43+0300 Окно выполнения: Процесс 1: ERROR:  ["argument of type 'int' is not iterable"]
2026-03-13T00:21:50+0300 ERROR: Завершение выполнения процесса. C:\Program Files\PuzzleRPA\2.3.0\Studio\resources\_tmp\projects\PR3_Tokareva_var34\process\Процесс 1.json
2026-03-13T00:24:07+0300 INFO: Запуск процесса из студии разработки. C:\Program Files\PuzzleRPA\2.3.0\Studio\resources\_tmp\projects\PR3_Tokareva_var34\process\Процесс 1.json
2026-03-13T00:24:08+0300 Окно выполнения: Процесс 1: ERROR:  ["argument of type 'int' is not iterable"]
2026-03-13T00:24:14+0300 ERROR: Завершение выполнения процесса. C:\Program Files\PuzzleRPA\2.3.0\Studio\resources\_tmp\projects\PR3_Tokareva_var34\process\Процесс 1.json
2026-03-13T00:25:25+0300 INFO: Запуск процесса из студии разработки. C:\Program Files\PuzzleRPA\2.3.0\Studio\resources\_tmp\projects\PR3_Tokareva_var34\process\Процесс 1.json
2026-03-13T00:25:25+0300 Окно выполнения: Процесс 1: ERROR:  ["argument of type 'int' is not iterable"]
2026-03-13T00:25:27+0300 ERROR: Завершение выполнения процесса. C:\Program Files\PuzzleRPA\2.3.0\Studio\resources\_tmp\projects\PR3_Tokareva_var34\process\Процесс 1.json
2026-03-13T00:25:37+0300 INFO: Запуск процесса из студии разработки. C:\Program Files\PuzzleRPA\2.3.0\Studio\resources\_tmp\projects\PR3_Tokareva_var34\process\Процесс 1.json
2026-03-13T00:25:37+0300 Окно выполнения: Процесс 1: ERROR:  ["argument of type 'int' is not iterable"]
2026-03-13T00:25:47+0300 ERROR: Завершение выполнения процесса. C:\Program Files\PuzzleRPA\2.3.0\Studio\resources\_tmp\projects\PR3_Tokareva_var34\process\Процесс 1.json
2026-03-13T00:27:09+0300 INFO: Запуск процесса из студии разработки. C:\Program Files\PuzzleRPA\2.3.0\Studio\resources\_tmp\projects\PR3_Tokareva_var34\process\Процесс 1.json
2026-03-13T00:27:27+0300 INFO: Завершение выполнения процесса. C:\Program Files\PuzzleRPA\2.3.0\Studio\resources\_tmp\projects\PR3_Tokareva_var34\process\Процесс 1.json
2026-03-13T00:32:18+0300 INFO: Запуск процесса из студии разработки. C:\Program Files\PuzzleRPA\2.3.0\Studio\resources\_tmp\projects\PR3_Tokareva_var34\process\Процесс 1.json
2026-03-13T00:32:37+0300 INFO: Завершение выполнения процесса. C:\Program Files\PuzzleRPA\2.3.0\Studio\resources\_tmp\projects\PR3_Tokareva_var34\process\Процесс 1.json
