2026-04-18T10:42:48+0300 INFO: Запуск процесса из студии разработки. C:\Users\Frilex\Desktop\puzzlez\PR7_Tokareva_var34\process\Процесс 1.json
2026-04-18T10:42:55+0300 INFO: Старт робота: C:\Users\Frilex\Desktop\puzzlez\PR7_Tokareva_var34\resource\a9f7092e-9181-41b1-97a2-0d0ecc9b6eea\nexus_524.py
2026-04-18T10:42:56+0300 INFO: Завершение работы робота: C:\Users\Frilex\Desktop\puzzlez\PR7_Tokareva_var34\resource\a9f7092e-9181-41b1-97a2-0d0ecc9b6eea\nexus_524.py
2026-04-18T10:42:56+0300 INFO: Завершение выполнения процесса. C:\Users\Frilex\Desktop\puzzlez\PR7_Tokareva_var34\process\Процесс 1.json
2026-04-18T10:43:06+0300 INFO: Запуск процесса из студии разработки. C:\Users\Frilex\Desktop\puzzlez\PR7_Tokareva_var34\process\Процесс 1.json
2026-04-18T10:43:08+0300 INFO: Старт робота: C:\Users\Frilex\Desktop\puzzlez\PR7_Tokareva_var34\resource\c747852d-d620-4f68-927f-5f50a301a386\nexus_524.py
2026-04-18T10:43:09+0300 INFO: Завершение работы робота: C:\Users\Frilex\Desktop\puzzlez\PR7_Tokareva_var34\resource\c747852d-d620-4f68-927f-5f50a301a386\nexus_524.py
2026-04-18T10:43:09+0300 INFO: Завершение выполнения процесса. C:\Users\Frilex\Desktop\puzzlez\PR7_Tokareva_var34\process\Процесс 1.json
2026-04-18T10:47:55+0300 INFO: Запуск процесса из студии разработки. C:\Users\Frilex\Desktop\puzzlez\PR7_Tokareva_var34\process\Процесс 1.json
2026-04-18T10:47:57+0300 INFO: Старт робота: C:\Users\Frilex\Desktop\puzzlez\PR7_Tokareva_var34\resource\0b5381bd-d773-4581-ae24-7fa87f5eb0bd\nexus_524.py
2026-04-18T10:48:02+0300 INFO: Завершение выполнения процесса. C:\Users\Frilex\Desktop\puzzlez\PR7_Tokareva_var34\process\Процесс 1.json
2026-04-18T10:48:29+0300 INFO: Запуск процесса из студии разработки. C:\Users\Frilex\Desktop\puzzlez\PR7_Tokareva_var34\process\Процесс 1.json
2026-04-18T10:48:30+0300 INFO: Старт робота: C:\Users\Frilex\Desktop\puzzlez\PR7_Tokareva_var34\resource\e6a4a6de-0f22-48e9-9de9-7a4904dec00a\nexus_524.py
2026-04-18T10:48:37+0300 INFO: Завершение выполнения процесса. C:\Users\Frilex\Desktop\puzzlez\PR7_Tokareva_var34\process\Процесс 1.json
2026-04-18T10:50:27+0300 INFO: Запуск процесса из студии разработки. C:\Users\Frilex\Desktop\puzzlez\PR7_Tokareva_var34\process\Процесс 1.json
2026-04-18T10:50:29+0300 INFO: Старт робота: C:\Users\Frilex\Desktop\puzzlez\PR7_Tokareva_var34\resource\c215b7e7-1e1e-4519-bd55-facf8fe498b9\nexus_524.py
2026-04-18T10:50:34+0300 INFO: Завершение выполнения процесса. C:\Users\Frilex\Desktop\puzzlez\PR7_Tokareva_var34\process\Процесс 1.json
2026-04-18T10:52:59+0300 INFO: Запуск процесса из студии разработки. C:\Users\Frilex\Desktop\puzzlez\PR7_Tokareva_var34\process\Процесс 1.json
2026-04-18T10:53:00+0300 INFO: Старт робота: C:\Users\Frilex\Desktop\puzzlez\PR7_Tokareva_var34\resource\34ea08b9-1c68-460d-94a8-61631934f9b9\nexus_524.py
2026-04-18T10:53:11+0300 INFO: Завершение работы робота: C:\Users\Frilex\Desktop\puzzlez\PR7_Tokareva_var34\resource\34ea08b9-1c68-460d-94a8-61631934f9b9\nexus_524.py
2026-04-18T10:53:11+0300 INFO: Завершение выполнения процесса. C:\Users\Frilex\Desktop\puzzlez\PR7_Tokareva_var34\process\Процесс 1.json
2026-04-18T10:55:11+0300 INFO: Запуск процесса из студии разработки. C:\Users\Frilex\Desktop\puzzlez\PR7_Tokareva_var34\process\Процесс 1.json
2026-04-18T10:55:13+0300 INFO: Старт робота: C:\Users\Frilex\Desktop\puzzlez\PR7_Tokareva_var34\resource\34c4adb6-6888-42d0-b134-4ed7fe6d9d46\nexus_524.py
2026-04-18T10:55:13+0300 INFO: Завершение работы робота: C:\Users\Frilex\Desktop\puzzlez\PR7_Tokareva_var34\resource\34c4adb6-6888-42d0-b134-4ed7fe6d9d46\nexus_524.py
2026-04-18T10:55:13+0300 INFO: Завершение выполнения процесса. C:\Users\Frilex\Desktop\puzzlez\PR7_Tokareva_var34\process\Процесс 1.json
2026-04-18T10:58:05+0300 INFO: Запуск процесса из студии разработки. C:\Users\Frilex\Desktop\puzzlez\PR7_Tokareva_var34\process\Процесс 1.json
2026-04-18T10:58:06+0300 INFO: Старт робота: C:\Users\Frilex\Desktop\puzzlez\PR7_Tokareva_var34\resource\0f36abd8-3111-4a7e-8feb-de800a27da3e\nexus_524.py
2026-04-18T10:59:05+0300 INFO: Завершение работы робота: C:\Users\Frilex\Desktop\puzzlez\PR7_Tokareva_var34\resource\0f36abd8-3111-4a7e-8feb-de800a27da3e\nexus_524.py
2026-04-18T10:59:06+0300 INFO: Завершение выполнения процесса. C:\Users\Frilex\Desktop\puzzlez\PR7_Tokareva_var34\process\Процесс 1.json
2026-04-18T10:59:29+0300 INFO: Запуск процесса из студии разработки. C:\Users\Frilex\Desktop\puzzlez\PR7_Tokareva_var34\process\Процесс 1.json
2026-04-18T10:59:30+0300 INFO: Старт робота: C:\Users\Frilex\Desktop\puzzlez\PR7_Tokareva_var34\resource\f5c478e5-068e-4382-ad49-abeb3f1cbbc8\nexus_524.py
2026-04-18T10:59:42+0300 INFO: Завершение работы робота: C:\Users\Frilex\Desktop\puzzlez\PR7_Tokareva_var34\resource\f5c478e5-068e-4382-ad49-abeb3f1cbbc8\nexus_524.py
2026-04-18T10:59:43+0300 INFO: Завершение выполнения процесса. C:\Users\Frilex\Desktop\puzzlez\PR7_Tokareva_var34\process\Процесс 1.json
2026-04-18T11:03:04+0300 INFO: Запуск процесса из студии разработки. C:\Users\Frilex\Desktop\puzzlez\PR7_Tokareva_var34\process\Процесс 1.json
2026-04-18T11:03:05+0300 INFO: Старт робота: C:\Users\Frilex\Desktop\puzzlez\PR7_Tokareva_var34\resource\5639f349-368a-4170-9b7c-1176f6638d8b\nexus_524.py
2026-04-18T11:03:45+0300 INFO: Завершение выполнения процесса. C:\Users\Frilex\Desktop\puzzlez\PR7_Tokareva_var34\process\Процесс 1.json
2026-04-18T11:04:07+0300 INFO: Запуск процесса из студии разработки. C:\Users\Frilex\Desktop\puzzlez\PR7_Tokareva_var34\process\Процесс 1.json
2026-04-18T11:04:09+0300 INFO: Старт робота: C:\Users\Frilex\Desktop\puzzlez\PR7_Tokareva_var34\resource\885cf5c9-1b03-49bb-91e7-fb200c8ef57c\nexus_524.py
2026-04-18T11:04:22+0300 INFO: Завершение работы робота: C:\Users\Frilex\Desktop\puzzlez\PR7_Tokareva_var34\resource\885cf5c9-1b03-49bb-91e7-fb200c8ef57c\nexus_524.py
2026-04-18T11:04:23+0300 INFO: Завершение выполнения процесса. C:\Users\Frilex\Desktop\puzzlez\PR7_Tokareva_var34\process\Процесс 1.json
2026-04-18T11:04:59+0300 INFO: Запуск процесса из студии разработки. C:\Users\Frilex\Desktop\puzzlez\PR7_Tokareva_var34\process\Процесс 1.json
2026-04-18T11:05:01+0300 INFO: Старт робота: C:\Users\Frilex\Desktop\puzzlez\PR7_Tokareva_var34\resource\471ce357-f723-4ea3-81b9-914c6316ada1\nexus_524.py
2026-04-18T11:05:04+0300 INFO: Завершение выполнения процесса. C:\Users\Frilex\Desktop\puzzlez\PR7_Tokareva_var34\process\Процесс 1.json
2026-04-18T11:05:24+0300 INFO: Запуск процесса из студии разработки. C:\Users\Frilex\Desktop\puzzlez\PR7_Tokareva_var34\process\Процесс 1.json
2026-04-18T11:05:26+0300 INFO: Старт робота: C:\Users\Frilex\Desktop\puzzlez\PR7_Tokareva_var34\resource\cee396ea-4e91-4d95-8dd9-fc895941c02b\nexus_524.py
2026-04-18T11:05:39+0300 INFO: Завершение работы робота: C:\Users\Frilex\Desktop\puzzlez\PR7_Tokareva_var34\resource\cee396ea-4e91-4d95-8dd9-fc895941c02b\nexus_524.py
2026-04-18T11:05:40+0300 INFO: Завершение выполнения процесса. C:\Users\Frilex\Desktop\puzzlez\PR7_Tokareva_var34\process\Процесс 1.json
2026-04-18T11:06:00+0300 INFO: Запуск процесса из студии разработки. C:\Users\Frilex\Desktop\puzzlez\PR7_Tokareva_var34\process\Процесс 1.json
2026-04-18T11:06:02+0300 INFO: Старт робота: C:\Users\Frilex\Desktop\puzzlez\PR7_Tokareva_var34\resource\d40ef016-e96e-4c0b-9712-91ba6d70a1d0\nexus_524.py
2026-04-18T11:06:08+0300 INFO: Завершение выполнения процесса. C:\Users\Frilex\Desktop\puzzlez\PR7_Tokareva_var34\process\Процесс 1.json
2026-04-18T11:06:40+0300 INFO: Запуск процесса из студии разработки. C:\Users\Frilex\Desktop\puzzlez\PR7_Tokareva_var34\process\Процесс 1.json
2026-04-18T11:06:41+0300 INFO: Старт робота: C:\Users\Frilex\Desktop\puzzlez\PR7_Tokareva_var34\resource\c457d87f-0a71-40cb-ae2f-1a935c2cd505\nexus_524.py
2026-04-18T11:06:47+0300 INFO: Завершение выполнения процесса. C:\Users\Frilex\Desktop\puzzlez\PR7_Tokareva_var34\process\Процесс 1.json
2026-04-18T11:08:56+0300 INFO: Запуск процесса из студии разработки. C:\Users\Frilex\Desktop\puzzlez\PR7_Tokareva_var34\process\Процесс 1.json
2026-04-18T11:08:57+0300 INFO: Старт робота: C:\Users\Frilex\Desktop\puzzlez\PR7_Tokareva_var34\resource\1a259bae-1db7-4465-a1ca-7d900146104e\nexus_524.py
2026-04-18T11:09:08+0300 INFO: Завершение выполнения процесса. C:\Users\Frilex\Desktop\puzzlez\PR7_Tokareva_var34\process\Процесс 1.json
2026-04-18T11:09:11+0300 INFO: Запуск процесса из студии разработки. C:\Users\Frilex\Desktop\puzzlez\PR7_Tokareva_var34\process\Процесс 1.json
2026-04-18T11:09:13+0300 INFO: Старт робота: C:\Users\Frilex\Desktop\puzzlez\PR7_Tokareva_var34\resource\419f9214-4c4e-4e09-a1ad-f4612c9bcbbc\nexus_524.py
2026-04-18T11:09:22+0300 INFO: Завершение выполнения процесса. C:\Users\Frilex\Desktop\puzzlez\PR7_Tokareva_var34\process\Процесс 1.json
2026-04-18T11:09:31+0300 INFO: Запуск процесса из студии разработки. C:\Users\Frilex\Desktop\puzzlez\PR7_Tokareva_var34\process\Процесс 1.json
2026-04-18T11:09:32+0300 INFO: Старт робота: C:\Users\Frilex\Desktop\puzzlez\PR7_Tokareva_var34\resource\b2d7ad81-75db-40b5-9f8d-96cede69fafd\nexus_524.py
2026-04-18T11:09:41+0300 INFO: Завершение выполнения процесса. C:\Users\Frilex\Desktop\puzzlez\PR7_Tokareva_var34\process\Процесс 1.json
2026-04-18T11:09:46+0300 INFO: Запуск процесса из студии разработки. C:\Users\Frilex\Desktop\puzzlez\PR7_Tokareva_var34\process\Процесс 1.json
2026-04-18T11:09:48+0300 INFO: Старт робота: C:\Users\Frilex\Desktop\puzzlez\PR7_Tokareva_var34\resource\5c813b6b-59df-4ea2-b0a4-97b8052e49bb\nexus_524.py
2026-04-18T11:09:54+0300 INFO: Завершение выполнения процесса. C:\Users\Frilex\Desktop\puzzlez\PR7_Tokareva_var34\process\Процесс 1.json
2026-04-18T11:09:55+0300 INFO: Запуск процесса из студии разработки. C:\Users\Frilex\Desktop\puzzlez\PR7_Tokareva_var34\process\Процесс 1.json
2026-04-18T11:09:57+0300 INFO: Старт робота: C:\Users\Frilex\Desktop\puzzlez\PR7_Tokareva_var34\resource\28b97012-0f43-48a9-b16f-bc60c234c9eb\nexus_524.py
2026-04-18T11:10:30+0300 INFO: Завершение выполнения процесса. C:\Users\Frilex\Desktop\puzzlez\PR7_Tokareva_var34\process\Процесс 1.json
2026-04-18T11:13:41+0300 INFO: Запуск процесса из студии разработки. C:\Users\Frilex\Desktop\puzzlez\PR7_Tokareva_var34\process\Процесс 1.json
2026-04-18T11:13:42+0300 INFO: Старт робота: C:\Users\Frilex\Desktop\puzzlez\PR7_Tokareva_var34\resource\5365f416-513c-492f-b5d2-90607b7f9473\nexus_524.py
2026-04-18T11:15:11+0300 INFO: Завершение выполнения процесса. C:\Users\Frilex\Desktop\puzzlez\PR7_Tokareva_var34\process\Процесс 1.json
2026-04-18T11:15:15+0300 INFO: Запуск процесса из студии разработки. C:\Users\Frilex\Desktop\puzzlez\PR7_Tokareva_var34\process\Процесс 1.json
2026-04-18T11:15:16+0300 INFO: Старт робота: C:\Users\Frilex\Desktop\puzzlez\PR7_Tokareva_var34\resource\b7503b0e-6ae4-4717-853a-e62c073b22d3\nexus_524.py
2026-04-18T11:15:39+0300 INFO: Завершение работы робота: C:\Users\Frilex\Desktop\puzzlez\PR7_Tokareva_var34\resource\b7503b0e-6ae4-4717-853a-e62c073b22d3\nexus_524.py
2026-04-18T11:15:40+0300 INFO: Завершение выполнения процесса. C:\Users\Frilex\Desktop\puzzlez\PR7_Tokareva_var34\process\Процесс 1.json
2026-04-18T11:15:48+0300 INFO: Запуск процесса из студии разработки. C:\Users\Frilex\Desktop\puzzlez\PR7_Tokareva_var34\process\Процесс 1.json
2026-04-18T11:15:49+0300 INFO: Старт робота: C:\Users\Frilex\Desktop\puzzlez\PR7_Tokareva_var34\resource\b360f6c7-2eb8-44b7-be91-c7342df722d3\nexus_524.py
2026-04-18T11:15:55+0300 INFO: Завершение выполнения процесса. C:\Users\Frilex\Desktop\puzzlez\PR7_Tokareva_var34\process\Процесс 1.json
2026-04-18T11:16:02+0300 INFO: Запуск процесса из студии разработки. C:\Users\Frilex\Desktop\puzzlez\PR7_Tokareva_var34\process\Процесс 1.json
2026-04-18T11:16:03+0300 INFO: Старт робота: C:\Users\Frilex\Desktop\puzzlez\PR7_Tokareva_var34\resource\e05da48a-f96d-4403-9583-a01dc3b1b736\nexus_524.py
2026-04-18T11:16:59+0300 INFO: Завершение выполнения процесса. C:\Users\Frilex\Desktop\puzzlez\PR7_Tokareva_var34\process\Процесс 1.json
2026-04-18T11:17:16+0300 INFO: Запуск процесса из студии разработки. C:\Users\Frilex\Desktop\puzzlez\PR7_Tokareva_var34\process\Процесс 1.json
2026-04-18T11:17:17+0300 INFO: Старт робота: C:\Users\Frilex\Desktop\puzzlez\PR7_Tokareva_var34\resource\8d23635d-6ec9-4f1b-a870-54ea097193db\nexus_524.py
2026-04-18T11:17:31+0300 INFO: Завершение работы робота: C:\Users\Frilex\Desktop\puzzlez\PR7_Tokareva_var34\resource\8d23635d-6ec9-4f1b-a870-54ea097193db\nexus_524.py
2026-04-18T11:17:32+0300 INFO: Завершение выполнения процесса. C:\Users\Frilex\Desktop\puzzlez\PR7_Tokareva_var34\process\Процесс 1.json
2026-04-18T11:19:48+0300 INFO: Запуск процесса из студии разработки. C:\Users\Frilex\Desktop\puzzlez\PR7_Tokareva_var34\process\Процесс 1.json
2026-04-18T11:19:50+0300 INFO: Старт робота: C:\Users\Frilex\Desktop\puzzlez\PR7_Tokareva_var34\resource\7239b0a6-950e-446c-9607-ccfb04183239\nexus_524.py
2026-04-18T11:19:50+0300 INFO: Завершение работы робота: C:\Users\Frilex\Desktop\puzzlez\PR7_Tokareva_var34\resource\7239b0a6-950e-446c-9607-ccfb04183239\nexus_524.py
2026-04-18T11:19:51+0300 INFO: Завершение выполнения процесса. C:\Users\Frilex\Desktop\puzzlez\PR7_Tokareva_var34\process\Процесс 1.json
2026-04-18T11:20:34+0300 INFO: Запуск процесса из студии разработки. C:\Users\Frilex\Desktop\puzzlez\PR7_Tokareva_var34\process\Процесс 1.json
2026-04-18T11:20:35+0300 INFO: Старт робота: C:\Users\Frilex\Desktop\puzzlez\PR7_Tokareva_var34\resource\2b1cadc2-cf76-4228-b5b5-2d993e314323\nexus_524.py
2026-04-18T11:20:36+0300 INFO: Завершение работы робота: C:\Users\Frilex\Desktop\puzzlez\PR7_Tokareva_var34\resource\2b1cadc2-cf76-4228-b5b5-2d993e314323\nexus_524.py
2026-04-18T11:20:36+0300 INFO: Завершение выполнения процесса. C:\Users\Frilex\Desktop\puzzlez\PR7_Tokareva_var34\process\Процесс 1.json
2026-04-18T11:23:37+0300 INFO: Запуск процесса из студии разработки. C:\Users\Frilex\Desktop\puzzlez\PR7_Tokareva_var34\process\Процесс 1.json
2026-04-18T11:23:38+0300 INFO: Старт робота: C:\Users\Frilex\Desktop\puzzlez\PR7_Tokareva_var34\resource\b0f60a26-455b-4742-a24e-3d117e4856bc\nexus_524.py
2026-04-18T11:23:38+0300 ERROR: C:\Users\Frilex\Desktop\puzzlez\PR7_Tokareva_var34\resource\b0f60a26-455b-4742-a24e-3d117e4856bc\nexus_524.py Ошибка: [WinError 193] %1 не является приложением Win32
2026-04-18T11:23:38+0300 Окно выполнения: Процесс 1: ERROR:  ["[WinError 193] %1 не является приложением Win32"]
2026-04-18T11:23:40+0300 ERROR: Завершение выполнения процесса. C:\Users\Frilex\Desktop\puzzlez\PR7_Tokareva_var34\process\Процесс 1.json
2026-04-18T11:23:46+0300 INFO: Запуск процесса из студии разработки. C:\Users\Frilex\Desktop\puzzlez\PR7_Tokareva_var34\process\Процесс 1.json
2026-04-18T11:23:47+0300 INFO: Старт робота: C:\Users\Frilex\Desktop\puzzlez\PR7_Tokareva_var34\resource\b9bb7a22-cb9c-466c-b362-b266966f6b63\nexus_524.py
2026-04-18T11:23:47+0300 INFO: Завершение работы робота: C:\Users\Frilex\Desktop\puzzlez\PR7_Tokareva_var34\resource\b9bb7a22-cb9c-466c-b362-b266966f6b63\nexus_524.py
2026-04-18T11:23:47+0300 INFO: Завершение выполнения процесса. C:\Users\Frilex\Desktop\puzzlez\PR7_Tokareva_var34\process\Процесс 1.json
2026-04-18T11:25:03+0300 INFO: Запуск процесса из студии разработки. C:\Users\Frilex\Desktop\puzzlez\PR7_Tokareva_var34\process\Процесс 1.json
2026-04-18T11:25:03+0300 Окно выполнения: Процесс 1: ERROR:  ["stderr:","  File \"C:\\Users\\Frilex\\Desktop\\puzzlez\\PR7_Tokareva_var34\\resource\\b77aeaa9-eaea-477a-993e-253ececedfea\\nexus_524.py\", line 31\r\n    _D0_B0 = desktop_interface.wait_visible_el(focus_element=\"TRUE\",timeout_el=,element_string=f'[{{\"ControlTypeName\":\"WindowControl\",\"Name\":\"Campaign Form\",\"ClassName\":\"TkTopLevel\"}},{{\"ControlTypeName\":\"PaneControl\",\"ClassName\":\"TkChild\"}},{{\"ControlTypeName\":\"PaneControl\",\"ClassName\":\"TkChild\"}}]',block_text=\"Ожидать появления элемента\",window_log=True, current_language=\"ru\")\r\n                                                                               ^\r\nSyntaxError: invalid syntax\r\n"]
2026-04-18T11:25:05+0300 ERROR: Завершение выполнения процесса. C:\Users\Frilex\Desktop\puzzlez\PR7_Tokareva_var34\process\Процесс 1.json
2026-04-18T11:25:18+0300 INFO: Запуск процесса из студии разработки. C:\Users\Frilex\Desktop\puzzlez\PR7_Tokareva_var34\process\Процесс 1.json
2026-04-18T11:25:18+0300 INFO: Старт робота: C:\Users\Frilex\Desktop\puzzlez\PR7_Tokareva_var34\resource\4e23654a-6b62-45a8-b12f-47165de96ae8\nexus_524.py
2026-04-18T11:25:18+0300 INFO: Завершение работы робота: C:\Users\Frilex\Desktop\puzzlez\PR7_Tokareva_var34\resource\4e23654a-6b62-45a8-b12f-47165de96ae8\nexus_524.py
2026-04-18T11:25:18+0300 INFO: Завершение выполнения процесса. C:\Users\Frilex\Desktop\puzzlez\PR7_Tokareva_var34\process\Процесс 1.json
2026-04-18T11:26:05+0300 INFO: Запуск процесса из студии разработки. C:\Users\Frilex\Desktop\puzzlez\PR7_Tokareva_var34\process\Процесс 1.json
2026-04-18T11:26:06+0300 Окно выполнения: Процесс 1: ERROR:  ["stderr:","  File \"C:\\Users\\Frilex\\Desktop\\puzzlez\\PR7_Tokareva_var34\\resource\\79fe32b8-8234-43c7-ae03-a852073baf6f\\nexus_524.py\", line 31\r\n    _D0_B0 = desktop_interface.wait_visible_el(focus_element=\"TRUE\",timeout_el=,element_string=f'[{{\"ControlTypeName\":\"WindowControl\",\"Name\":\"Campaign Form\",\"ClassName\":\"TkTopLevel\"}},{{\"ControlTypeName\":\"TitleBarControl\"}}]',block_text=\"Ожидать появления элемента\",window_log=True, current_language=\"ru\")\r\n                                                                               ^\r\nSyntaxError: invalid syntax\r\n"]
2026-04-18T11:26:09+0300 ERROR: Завершение выполнения процесса. C:\Users\Frilex\Desktop\puzzlez\PR7_Tokareva_var34\process\Процесс 1.json
2026-04-18T11:26:16+0300 INFO: Запуск процесса из студии разработки. C:\Users\Frilex\Desktop\puzzlez\PR7_Tokareva_var34\process\Процесс 1.json
2026-04-18T11:26:17+0300 Окно выполнения: Процесс 1: ERROR:  ["stderr:","  File \"C:\\Users\\Frilex\\Desktop\\puzzlez\\PR7_Tokareva_var34\\resource\\17728af1-5151-4f64-b5b8-76adc8aec7bf\\nexus_524.py\", line 31\r\n    _D0_B0 = desktop_interface.wait_visible_el(focus_element=\"TRUE\",timeout_el=,element_string=f'[{{\"ControlTypeName\":\"WindowControl\",\"Name\":\"Campaign Form\",\"ClassName\":\"TkTopLevel\"}},{{\"ControlTypeName\":\"TitleBarControl\"}}]',block_text=\"Ожидать появления элемента\",window_log=True, current_language=\"ru\")\r\n                                                                               ^\r\nSyntaxError: invalid syntax\r\n"]
2026-04-18T11:26:23+0300 ERROR: Завершение выполнения процесса. C:\Users\Frilex\Desktop\puzzlez\PR7_Tokareva_var34\process\Процесс 1.json
2026-04-18T11:26:38+0300 INFO: Запуск процесса из студии разработки. C:\Users\Frilex\Desktop\puzzlez\PR7_Tokareva_var34\process\Процесс 1.json
2026-04-18T11:26:39+0300 INFO: Старт робота: C:\Users\Frilex\Desktop\puzzlez\PR7_Tokareva_var34\resource\e38da630-200c-47be-8334-3324a50bd7f2\nexus_524.py
2026-04-18T11:26:39+0300 INFO: Завершение работы робота: C:\Users\Frilex\Desktop\puzzlez\PR7_Tokareva_var34\resource\e38da630-200c-47be-8334-3324a50bd7f2\nexus_524.py
2026-04-18T11:26:39+0300 INFO: Завершение выполнения процесса. C:\Users\Frilex\Desktop\puzzlez\PR7_Tokareva_var34\process\Процесс 1.json
2026-04-18T11:26:44+0300 INFO: Запуск процесса из студии разработки. C:\Users\Frilex\Desktop\puzzlez\PR7_Tokareva_var34\process\Процесс 1.json
2026-04-18T11:26:44+0300 INFO: Старт робота: C:\Users\Frilex\Desktop\puzzlez\PR7_Tokareva_var34\resource\ac256255-9e4f-4053-85d6-2c190abf5ae8\nexus_524.py
2026-04-18T11:26:45+0300 INFO: Завершение работы робота: C:\Users\Frilex\Desktop\puzzlez\PR7_Tokareva_var34\resource\ac256255-9e4f-4053-85d6-2c190abf5ae8\nexus_524.py
2026-04-18T11:26:45+0300 INFO: Завершение выполнения процесса. C:\Users\Frilex\Desktop\puzzlez\PR7_Tokareva_var34\process\Процесс 1.json
2026-04-18T11:27:39+0300 INFO: Запуск процесса из студии разработки. C:\Users\Frilex\Desktop\puzzlez\PR7_Tokareva_var34\process\Процесс 1.json
2026-04-18T11:27:39+0300 INFO: Старт робота: C:\Users\Frilex\Desktop\puzzlez\PR7_Tokareva_var34\resource\fe08ff46-5973-48b3-a79c-4692633903d9\nexus_524.py
2026-04-18T11:27:39+0300 INFO: Завершение работы робота: C:\Users\Frilex\Desktop\puzzlez\PR7_Tokareva_var34\resource\fe08ff46-5973-48b3-a79c-4692633903d9\nexus_524.py
2026-04-18T11:27:39+0300 INFO: Завершение выполнения процесса. C:\Users\Frilex\Desktop\puzzlez\PR7_Tokareva_var34\process\Процесс 1.json
2026-04-18T11:28:00+0300 INFO: Запуск процесса из студии разработки. C:\Users\Frilex\Desktop\puzzlez\PR7_Tokareva_var34\process\Процесс 1.json
2026-04-18T11:28:00+0300 INFO: Старт робота: C:\Users\Frilex\Desktop\puzzlez\PR7_Tokareva_var34\resource\195ec122-cb9c-414e-b694-6bfdbf7e4700\nexus_524.py
2026-04-18T11:28:00+0300 INFO: Завершение работы робота: C:\Users\Frilex\Desktop\puzzlez\PR7_Tokareva_var34\resource\195ec122-cb9c-414e-b694-6bfdbf7e4700\nexus_524.py
2026-04-18T11:28:00+0300 INFO: Завершение выполнения процесса. C:\Users\Frilex\Desktop\puzzlez\PR7_Tokareva_var34\process\Процесс 1.json
2026-04-18T11:28:04+0300 INFO: Запуск процесса из студии разработки. C:\Users\Frilex\Desktop\puzzlez\PR7_Tokareva_var34\process\Процесс 1.json
2026-04-18T11:28:04+0300 INFO: Старт робота: C:\Users\Frilex\Desktop\puzzlez\PR7_Tokareva_var34\resource\74e9784b-9641-41f5-9948-da540133b637\nexus_524.py
2026-04-18T11:28:05+0300 INFO: Завершение работы робота: C:\Users\Frilex\Desktop\puzzlez\PR7_Tokareva_var34\resource\74e9784b-9641-41f5-9948-da540133b637\nexus_524.py
2026-04-18T11:28:05+0300 INFO: Завершение выполнения процесса. C:\Users\Frilex\Desktop\puzzlez\PR7_Tokareva_var34\process\Процесс 1.json
2026-04-18T11:28:36+0300 INFO: Запуск процесса из студии разработки. C:\Users\Frilex\Desktop\puzzlez\PR7_Tokareva_var34\process\Процесс 1.json
2026-04-18T11:28:36+0300 INFO: Старт робота: C:\Users\Frilex\Desktop\puzzlez\PR7_Tokareva_var34\resource\b6d50201-63f2-42a4-a927-c411a8c3ba9f\nexus_524.py
2026-04-18T11:28:36+0300 INFO: Завершение работы робота: C:\Users\Frilex\Desktop\puzzlez\PR7_Tokareva_var34\resource\b6d50201-63f2-42a4-a927-c411a8c3ba9f\nexus_524.py
2026-04-18T11:28:36+0300 INFO: Завершение выполнения процесса. C:\Users\Frilex\Desktop\puzzlez\PR7_Tokareva_var34\process\Процесс 1.json
2026-04-18T11:35:56+0300 INFO: Запуск процесса из студии разработки. C:\Users\Frilex\Desktop\puzzlez\PR7_Tokareva_var34\process\Процесс 1.json
2026-04-18T11:35:56+0300 INFO: Старт робота: C:\Users\Frilex\Desktop\puzzlez\PR7_Tokareva_var34\resource\64bb1d46-4f8d-442f-9f53-62d501f62d1f\nexus_524.py
2026-04-18T11:35:56+0300 INFO: Завершение работы робота: C:\Users\Frilex\Desktop\puzzlez\PR7_Tokareva_var34\resource\64bb1d46-4f8d-442f-9f53-62d501f62d1f\nexus_524.py
2026-04-18T11:35:56+0300 INFO: Завершение выполнения процесса. C:\Users\Frilex\Desktop\puzzlez\PR7_Tokareva_var34\process\Процесс 1.json
2026-04-18T11:36:18+0300 INFO: Запуск процесса из студии разработки. C:\Users\Frilex\Desktop\puzzlez\PR7_Tokareva_var34\process\Процесс 1.json
2026-04-18T11:36:18+0300 INFO: Старт робота: C:\Users\Frilex\Desktop\puzzlez\PR7_Tokareva_var34\resource\768460ee-285e-4853-aa7c-ef42bc385f97\nexus_524.py
2026-04-18T11:36:18+0300 INFO: Завершение работы робота: C:\Users\Frilex\Desktop\puzzlez\PR7_Tokareva_var34\resource\768460ee-285e-4853-aa7c-ef42bc385f97\nexus_524.py
2026-04-18T11:36:18+0300 INFO: Завершение выполнения процесса. C:\Users\Frilex\Desktop\puzzlez\PR7_Tokareva_var34\process\Процесс 1.json
2026-04-18T11:37:49+0300 INFO: Запуск процесса из студии разработки. C:\Users\Frilex\Desktop\puzzlez\PR7_Tokareva_var34\process\Процесс 1.json
2026-04-18T11:37:49+0300 INFO: Старт робота: C:\Users\Frilex\Desktop\puzzlez\PR7_Tokareva_var34\resource\3c3711b3-7985-4f58-8d3f-efea2e807c13\nexus_524.py
2026-04-18T11:37:49+0300 INFO: Завершение работы робота: C:\Users\Frilex\Desktop\puzzlez\PR7_Tokareva_var34\resource\3c3711b3-7985-4f58-8d3f-efea2e807c13\nexus_524.py
2026-04-18T11:37:49+0300 INFO: Завершение выполнения процесса. C:\Users\Frilex\Desktop\puzzlez\PR7_Tokareva_var34\process\Процесс 1.json
2026-04-18T11:38:14+0300 INFO: Запуск процесса из студии разработки. C:\Users\Frilex\Desktop\puzzlez\PR7_Tokareva_var34\process\Процесс 1.json
2026-04-18T11:38:14+0300 INFO: Старт робота: C:\Users\Frilex\Desktop\puzzlez\PR7_Tokareva_var34\resource\3b34a1f8-69e1-4a3c-b5cc-943181a2b4d8\nexus_524.py
2026-04-18T11:38:15+0300 INFO: Завершение работы робота: C:\Users\Frilex\Desktop\puzzlez\PR7_Tokareva_var34\resource\3b34a1f8-69e1-4a3c-b5cc-943181a2b4d8\nexus_524.py
2026-04-18T11:38:15+0300 INFO: Завершение выполнения процесса. C:\Users\Frilex\Desktop\puzzlez\PR7_Tokareva_var34\process\Процесс 1.json
2026-04-18T11:38:21+0300 INFO: Запуск процесса из студии разработки. C:\Users\Frilex\Desktop\puzzlez\PR7_Tokareva_var34\process\Процесс 1.json
2026-04-18T11:38:21+0300 INFO: Старт робота: C:\Users\Frilex\Desktop\puzzlez\PR7_Tokareva_var34\resource\125f22d6-fffe-4e04-890e-891acdbff2a4\nexus_524.py
2026-04-18T11:38:22+0300 INFO: Завершение работы робота: C:\Users\Frilex\Desktop\puzzlez\PR7_Tokareva_var34\resource\125f22d6-fffe-4e04-890e-891acdbff2a4\nexus_524.py
2026-04-18T11:38:22+0300 INFO: Завершение выполнения процесса. C:\Users\Frilex\Desktop\puzzlez\PR7_Tokareva_var34\process\Процесс 1.json
2026-04-18T11:40:57+0300 INFO: Запуск процесса из студии разработки. C:\Users\Frilex\Desktop\puzzlez\PR7_Tokareva_var34\process\Процесс 1.json
2026-04-18T11:40:58+0300 INFO: Старт робота: C:\Users\Frilex\Desktop\puzzlez\PR7_Tokareva_var34\resource\da60cda9-9700-44b1-af5d-aadb1ced2c66\nexus_524.py
2026-04-18T11:40:58+0300 INFO: Завершение работы робота: C:\Users\Frilex\Desktop\puzzlez\PR7_Tokareva_var34\resource\da60cda9-9700-44b1-af5d-aadb1ced2c66\nexus_524.py
2026-04-18T11:40:58+0300 INFO: Завершение выполнения процесса. C:\Users\Frilex\Desktop\puzzlez\PR7_Tokareva_var34\process\Процесс 1.json
2026-04-18T11:41:02+0300 INFO: Запуск процесса из студии разработки. C:\Users\Frilex\Desktop\puzzlez\PR7_Tokareva_var34\process\Процесс 1.json
2026-04-18T11:41:02+0300 INFO: Старт робота: C:\Users\Frilex\Desktop\puzzlez\PR7_Tokareva_var34\resource\880da9e7-1a98-4c13-a513-d53d92cbbc87\nexus_524.py
2026-04-18T11:41:02+0300 INFO: Завершение работы робота: C:\Users\Frilex\Desktop\puzzlez\PR7_Tokareva_var34\resource\880da9e7-1a98-4c13-a513-d53d92cbbc87\nexus_524.py
2026-04-18T11:41:02+0300 INFO: Завершение выполнения процесса. C:\Users\Frilex\Desktop\puzzlez\PR7_Tokareva_var34\process\Процесс 1.json
2026-04-18T11:41:38+0300 INFO: Запуск процесса из студии разработки. C:\Users\Frilex\Desktop\puzzlez\PR7_Tokareva_var34\process\Процесс 1.json
2026-04-18T11:41:38+0300 INFO: Старт робота: C:\Users\Frilex\Desktop\puzzlez\PR7_Tokareva_var34\resource\abfa3bb1-16b3-4817-a9f2-0991d6ff4b83\nexus_524.py
2026-04-18T11:41:39+0300 INFO: Завершение работы робота: C:\Users\Frilex\Desktop\puzzlez\PR7_Tokareva_var34\resource\abfa3bb1-16b3-4817-a9f2-0991d6ff4b83\nexus_524.py
2026-04-18T11:41:39+0300 INFO: Завершение выполнения процесса. C:\Users\Frilex\Desktop\puzzlez\PR7_Tokareva_var34\process\Процесс 1.json
2026-04-18T11:42:00+0300 INFO: Запуск процесса из студии разработки. C:\Users\Frilex\Desktop\puzzlez\PR7_Tokareva_var34\process\Процесс 1.json
2026-04-18T11:42:01+0300 INFO: Старт робота: C:\Users\Frilex\Desktop\puzzlez\PR7_Tokareva_var34\resource\762b9395-d446-4b80-8f62-ad8f67603075\nexus_524.py
2026-04-18T11:42:01+0300 INFO: Завершение работы робота: C:\Users\Frilex\Desktop\puzzlez\PR7_Tokareva_var34\resource\762b9395-d446-4b80-8f62-ad8f67603075\nexus_524.py
2026-04-18T11:42:01+0300 INFO: Завершение выполнения процесса. C:\Users\Frilex\Desktop\puzzlez\PR7_Tokareva_var34\process\Процесс 1.json
2026-04-18T11:43:05+0300 INFO: Запуск процесса из студии разработки. C:\Users\Frilex\Desktop\puzzlez\PR7_Tokareva_var34\process\Процесс 1.json
2026-04-18T11:43:05+0300 INFO: Старт робота: C:\Users\Frilex\Desktop\puzzlez\PR7_Tokareva_var34\resource\4e0577b5-e2ba-4508-bf7a-f2c305f49ab4\nexus_524.py
2026-04-18T11:43:06+0300 INFO: Завершение работы робота: C:\Users\Frilex\Desktop\puzzlez\PR7_Tokareva_var34\resource\4e0577b5-e2ba-4508-bf7a-f2c305f49ab4\nexus_524.py
2026-04-18T11:43:06+0300 INFO: Завершение выполнения процесса. C:\Users\Frilex\Desktop\puzzlez\PR7_Tokareva_var34\process\Процесс 1.json
2026-04-18T11:44:03+0300 INFO: Запуск процесса из студии разработки. C:\Users\Frilex\Desktop\puzzlez\PR7_Tokareva_var34\process\Процесс 1.json
2026-04-18T11:44:04+0300 INFO: Старт робота: C:\Users\Frilex\Desktop\puzzlez\PR7_Tokareva_var34\resource\49f6550e-6fcb-428a-885e-85dd6de6141d\nexus_524.py
2026-04-18T11:44:04+0300 INFO: Завершение работы робота: C:\Users\Frilex\Desktop\puzzlez\PR7_Tokareva_var34\resource\49f6550e-6fcb-428a-885e-85dd6de6141d\nexus_524.py
2026-04-18T11:44:04+0300 INFO: Завершение выполнения процесса. C:\Users\Frilex\Desktop\puzzlez\PR7_Tokareva_var34\process\Процесс 1.json
2026-04-18T11:44:11+0300 INFO: Запуск процесса из студии разработки. C:\Users\Frilex\Desktop\puzzlez\PR7_Tokareva_var34\process\Процесс 1.json
2026-04-18T11:44:12+0300 INFO: Старт робота: C:\Users\Frilex\Desktop\puzzlez\PR7_Tokareva_var34\resource\a1149d22-d924-47e0-bd89-1ff90abc16bb\nexus_524.py
2026-04-18T11:44:12+0300 INFO: Завершение работы робота: C:\Users\Frilex\Desktop\puzzlez\PR7_Tokareva_var34\resource\a1149d22-d924-47e0-bd89-1ff90abc16bb\nexus_524.py
2026-04-18T11:44:12+0300 INFO: Завершение выполнения процесса. C:\Users\Frilex\Desktop\puzzlez\PR7_Tokareva_var34\process\Процесс 1.json
2026-04-18T11:44:40+0300 INFO: Запуск процесса из студии разработки. C:\Users\Frilex\Desktop\puzzlez\PR7_Tokareva_var34\process\Процесс 1.json
2026-04-18T11:44:40+0300 INFO: Старт робота: C:\Users\Frilex\Desktop\puzzlez\PR7_Tokareva_var34\resource\cad462fc-4e12-4f85-89e7-e4870245f7fe\nexus_524.py
2026-04-18T11:44:40+0300 INFO: Завершение работы робота: C:\Users\Frilex\Desktop\puzzlez\PR7_Tokareva_var34\resource\cad462fc-4e12-4f85-89e7-e4870245f7fe\nexus_524.py
2026-04-18T11:44:40+0300 INFO: Завершение выполнения процесса. C:\Users\Frilex\Desktop\puzzlez\PR7_Tokareva_var34\process\Процесс 1.json
2026-04-18T11:45:02+0300 INFO: Запуск процесса из студии разработки. C:\Users\Frilex\Desktop\puzzlez\PR7_Tokareva_var34\process\Процесс 1.json
2026-04-18T11:45:03+0300 INFO: Старт робота: C:\Users\Frilex\Desktop\puzzlez\PR7_Tokareva_var34\resource\a9478cc0-071d-4a94-b380-9f68956ae81a\nexus_524.py
2026-04-18T11:45:03+0300 INFO: Завершение работы робота: C:\Users\Frilex\Desktop\puzzlez\PR7_Tokareva_var34\resource\a9478cc0-071d-4a94-b380-9f68956ae81a\nexus_524.py
2026-04-18T11:45:03+0300 INFO: Завершение выполнения процесса. C:\Users\Frilex\Desktop\puzzlez\PR7_Tokareva_var34\process\Процесс 1.json
2026-04-18T11:46:37+0300 INFO: Запуск процесса из студии разработки. C:\Users\Frilex\Desktop\puzzlez\PR7_Tokareva_var34\process\Процесс 1.json
2026-04-18T11:46:37+0300 INFO: Старт робота: C:\Users\Frilex\Desktop\puzzlez\PR7_Tokareva_var34\resource\111cf3ba-0954-49f5-bbba-fb9d9a27f8b1\nexus_524.py
2026-04-18T11:46:37+0300 INFO: Завершение работы робота: C:\Users\Frilex\Desktop\puzzlez\PR7_Tokareva_var34\resource\111cf3ba-0954-49f5-bbba-fb9d9a27f8b1\nexus_524.py
2026-04-18T11:46:37+0300 INFO: Завершение выполнения процесса. C:\Users\Frilex\Desktop\puzzlez\PR7_Tokareva_var34\process\Процесс 1.json
2026-04-18T11:46:44+0300 INFO: Запуск процесса из студии разработки. C:\Users\Frilex\Desktop\puzzlez\PR7_Tokareva_var34\process\Процесс 1.json
2026-04-18T11:46:45+0300 INFO: Старт робота: C:\Users\Frilex\Desktop\puzzlez\PR7_Tokareva_var34\resource\1e02a145-f4c3-473c-aa45-ff10bf2e4b35\nexus_524.py
2026-04-18T11:46:45+0300 INFO: Завершение работы робота: C:\Users\Frilex\Desktop\puzzlez\PR7_Tokareva_var34\resource\1e02a145-f4c3-473c-aa45-ff10bf2e4b35\nexus_524.py
2026-04-18T11:46:45+0300 INFO: Завершение выполнения процесса. C:\Users\Frilex\Desktop\puzzlez\PR7_Tokareva_var34\process\Процесс 1.json
2026-04-18T11:46:49+0300 INFO: Запуск процесса из студии разработки. C:\Users\Frilex\Desktop\puzzlez\PR7_Tokareva_var34\process\Процесс 1.json
2026-04-18T11:46:49+0300 INFO: Старт робота: C:\Users\Frilex\Desktop\puzzlez\PR7_Tokareva_var34\resource\6c81ec46-25da-45d6-9281-8a458ba834b9\nexus_524.py
2026-04-18T11:46:50+0300 INFO: Завершение работы робота: C:\Users\Frilex\Desktop\puzzlez\PR7_Tokareva_var34\resource\6c81ec46-25da-45d6-9281-8a458ba834b9\nexus_524.py
2026-04-18T11:46:50+0300 INFO: Завершение выполнения процесса. C:\Users\Frilex\Desktop\puzzlez\PR7_Tokareva_var34\process\Процесс 1.json
2026-04-18T11:50:04+0300 INFO: Запуск процесса из студии разработки. C:\Users\Frilex\Desktop\puzzlez\PR7_Tokareva_var34\process\Процесс 1.json
2026-04-18T11:50:04+0300 INFO: Старт робота: C:\Users\Frilex\Desktop\puzzlez\PR7_Tokareva_var34\resource\31fe2dc7-0d34-4d7a-82c7-6716cc65b116\nexus_524.py
2026-04-18T11:50:04+0300 INFO: Завершение работы робота: C:\Users\Frilex\Desktop\puzzlez\PR7_Tokareva_var34\resource\31fe2dc7-0d34-4d7a-82c7-6716cc65b116\nexus_524.py
2026-04-18T11:50:04+0300 INFO: Завершение выполнения процесса. C:\Users\Frilex\Desktop\puzzlez\PR7_Tokareva_var34\process\Процесс 1.json
2026-04-18T11:54:59+0300 INFO: Запуск процесса из студии разработки. C:\Users\Frilex\Desktop\puzzlez\PR7_Tokareva_var34\process\Процесс 1.json
2026-04-18T11:54:59+0300 INFO: Старт робота: C:\Users\Frilex\Desktop\puzzlez\PR7_Tokareva_var34\resource\9fbf433d-1b96-41b1-a451-e6a518dec9f1\nexus_524.py
2026-04-18T11:55:04+0300 INFO: Завершение выполнения процесса. C:\Users\Frilex\Desktop\puzzlez\PR7_Tokareva_var34\process\Процесс 1.json
2026-04-18T11:55:08+0300 INFO: Запуск процесса из студии разработки. C:\Users\Frilex\Desktop\puzzlez\PR7_Tokareva_var34\process\Процесс 1.json
2026-04-18T11:55:08+0300 INFO: Старт робота: C:\Users\Frilex\Desktop\puzzlez\PR7_Tokareva_var34\resource\8a299556-5ab2-4ea9-8d6b-3868776fe2b6\nexus_524.py
2026-04-18T11:55:10+0300 INFO: Завершение выполнения процесса. C:\Users\Frilex\Desktop\puzzlez\PR7_Tokareva_var34\process\Процесс 1.json
2026-04-18T11:55:23+0300 INFO: Запуск процесса из студии разработки. C:\Users\Frilex\Desktop\puzzlez\PR7_Tokareva_var34\process\Процесс 1.json
2026-04-18T11:55:24+0300 INFO: Старт робота: C:\Users\Frilex\Desktop\puzzlez\PR7_Tokareva_var34\resource\4e32e3d2-0092-4c32-a1cf-0357dff7c3a8\nexus_524.py
2026-04-18T11:55:34+0300 INFO: Завершение выполнения процесса. C:\Users\Frilex\Desktop\puzzlez\PR7_Tokareva_var34\process\Процесс 1.json
2026-04-18T11:55:36+0300 INFO: Запуск процесса из студии разработки. C:\Users\Frilex\Desktop\puzzlez\PR7_Tokareva_var34\process\Процесс 1.json
2026-04-18T11:55:36+0300 INFO: Старт робота: C:\Users\Frilex\Desktop\puzzlez\PR7_Tokareva_var34\resource\537cb2e4-db1b-419d-93dc-3a0e37649abf\nexus_524.py
2026-04-18T11:55:53+0300 ERROR: C:\Users\Frilex\Desktop\puzzlez\PR7_Tokareva_var34\resource\537cb2e4-db1b-419d-93dc-3a0e37649abf\nexus_524.py Ошибка: Find Control Timeout(10s): {Name: 'Marketing Campaign Registration', ClassName: 'TkTopLevel', ControlType: WindowControl}
2026-04-18T11:55:53+0300 Окно выполнения: Процесс 1: ERROR:  ["Find Control Timeout(10s): {Name: 'Marketing Campaign Registration', ClassName: 'TkTopLevel', ControlType: WindowControl}"]
2026-04-18T12:03:09+0300 ERROR: Завершение выполнения процесса. C:\Users\Frilex\Desktop\puzzlez\PR7_Tokareva_var34\process\Процесс 1.json
2026-04-18T12:16:29+0300 INFO: Запуск процесса из студии разработки. C:\Users\Frilex\Desktop\puzzlez\PR7_Tokareva_var34\process\Процесс 1.json
2026-04-18T12:16:31+0300 INFO: Старт робота: C:\Users\Frilex\Desktop\puzzlez\PR7_Tokareva_var34\resource\3202db37-7247-43ee-aec3-cb87f2224619\nexus_524.py
2026-04-18T12:16:37+0300 ERROR: C:\Users\Frilex\Desktop\puzzlez\PR7_Tokareva_var34\resource\3202db37-7247-43ee-aec3-cb87f2224619\nexus_524.py Ошибка: string indices must be integers, not 'str'
2026-04-18T12:16:37+0300 Окно выполнения: Процесс 1: ERROR:  ["string indices must be integers, not 'str'"]
2026-04-18T12:16:44+0300 INFO: Завершение выполнения процесса. C:\Users\Frilex\Desktop\puzzlez\PR7_Tokareva_var34\process\Процесс 1.json
2026-04-18T12:22:01+0300 INFO: Запуск процесса из студии разработки. C:\Users\Frilex\Desktop\puzzlez\PR7_Tokareva_var34\process\Процесс 1.json
2026-04-18T12:22:03+0300 INFO: Старт робота: C:\Users\Frilex\Desktop\puzzlez\PR7_Tokareva_var34\resource\05e52f0f-de16-4c77-bd7c-522f47522d5e\nexus_524.py
2026-04-18T12:22:09+0300 ERROR: C:\Users\Frilex\Desktop\puzzlez\PR7_Tokareva_var34\resource\05e52f0f-de16-4c77-bd7c-522f47522d5e\nexus_524.py Ошибка: string indices must be integers, not 'str'
2026-04-18T12:22:09+0300 Окно выполнения: Процесс 1: ERROR:  ["string indices must be integers, not 'str'"]
2026-04-18T12:22:13+0300 ERROR: Завершение выполнения процесса. C:\Users\Frilex\Desktop\puzzlez\PR7_Tokareva_var34\process\Процесс 1.json
2026-04-18T12:22:29+0300 INFO: Запуск процесса из студии разработки. C:\Users\Frilex\Desktop\puzzlez\PR7_Tokareva_var34\process\Процесс 1.json
2026-04-18T12:22:30+0300 INFO: Старт робота: C:\Users\Frilex\Desktop\puzzlez\PR7_Tokareva_var34\resource\fa071154-7882-4e46-ac8a-f0fb7b0b5a6c\nexus_524.py
2026-04-18T12:22:30+0300 INFO: Завершение работы робота: C:\Users\Frilex\Desktop\puzzlez\PR7_Tokareva_var34\resource\fa071154-7882-4e46-ac8a-f0fb7b0b5a6c\nexus_524.py
2026-04-18T12:22:31+0300 INFO: Завершение выполнения процесса. C:\Users\Frilex\Desktop\puzzlez\PR7_Tokareva_var34\process\Процесс 1.json
2026-04-18T12:22:41+0300 INFO: Запуск процесса из студии разработки. C:\Users\Frilex\Desktop\puzzlez\PR7_Tokareva_var34\process\Процесс 1.json
2026-04-18T12:22:42+0300 INFO: Старт робота: C:\Users\Frilex\Desktop\puzzlez\PR7_Tokareva_var34\resource\5aeede0f-602d-4995-a2fa-71e5d1ebc5bb\nexus_524.py
2026-04-18T12:22:48+0300 INFO: Завершение работы робота: C:\Users\Frilex\Desktop\puzzlez\PR7_Tokareva_var34\resource\5aeede0f-602d-4995-a2fa-71e5d1ebc5bb\nexus_524.py
2026-04-18T12:22:48+0300 INFO: Завершение выполнения процесса. C:\Users\Frilex\Desktop\puzzlez\PR7_Tokareva_var34\process\Процесс 1.json
